<?xml version="1.0" encoding="UTF-8"?>
<testng-results ignored="0" total="4" passed="4" failed="0" skipped="0">
  <reporter-output>
  </reporter-output>
  <suite started-at="2026-03-28T15:30:59 IST" name="Default suite" finished-at="2026-03-28T15:31:39 IST" duration-ms="40417">
    <groups>
    </groups>
    <test started-at="2026-03-28T15:30:59 IST" name="Default test" finished-at="2026-03-28T15:31:39 IST" duration-ms="40417">
      <class name="testcases.LoginTest">
        <test-method is-config="true" signature="setUp()[pri:0, instance:testcases.LoginTest@2f4948e4]" started-at="2026-03-28T15:30:59 IST" name="setUp" finished-at="2026-03-28T15:31:12 IST" duration-ms="13316" status="PASS">
          <reporter-output>
          </reporter-output>
        </test-method> <!-- setUp -->
        <test-method is-config="true" signature="objint()[pri:0, instance:testcases.LoginTest@2f4948e4]" started-at="2026-03-28T15:31:12 IST" name="objint" finished-at="2026-03-28T15:31:12 IST" duration-ms="0" status="PASS">
          <reporter-output>
          </reporter-output>
        </test-method> <!-- objint -->
        <test-method signature="tc001_cstmr()[pri:0, instance:testcases.LoginTest@2f4948e4]" started-at="2026-03-28T15:31:12 IST" name="tc001_cstmr" finished-at="2026-03-28T15:31:28 IST" duration-ms="15298" status="PASS">
          <reporter-output>
          </reporter-output>
        </test-method> <!-- tc001_cstmr -->
        <test-method signature="tc002_trf()[pri:0, instance:testcases.LoginTest@2f4948e4]" started-at="2026-03-28T15:31:28 IST" name="tc002_trf" finished-at="2026-03-28T15:31:32 IST" duration-ms="3871" status="PASS">
          <reporter-output>
          </reporter-output>
        </test-method> <!-- tc002_trf -->
        <test-method signature="tc003_trfpln()[pri:0, instance:testcases.LoginTest@2f4948e4]" started-at="2026-03-28T15:31:32 IST" name="tc003_trfpln" finished-at="2026-03-28T15:31:37 IST" duration-ms="5387" status="PASS">
          <reporter-output>
          </reporter-output>
        </test-method> <!-- tc003_trfpln -->
        <test-method signature="tc004_pay()[pri:0, instance:testcases.LoginTest@2f4948e4]" started-at="2026-03-28T15:31:37 IST" name="tc004_pay" finished-at="2026-03-28T15:31:39 IST" duration-ms="2238" status="PASS">
          <reporter-output>
          </reporter-output>
        </test-method> <!-- tc004_pay -->
        <test-method is-config="true" signature="teardown()[pri:0, instance:testcases.LoginTest@2f4948e4]" started-at="2026-03-28T15:31:39 IST" name="teardown" finished-at="2026-03-28T15:31:39 IST" duration-ms="231" status="PASS">
          <reporter-output>
          </reporter-output>
        </test-method> <!-- teardown -->
      </class> <!-- testcases.LoginTest -->
    </test> <!-- Default test -->
  </suite> <!-- Default suite -->
</testng-results>
