<?xml version="1.0" encoding="UTF-8"?>
<!-- Generated by org.testng.reporters.JUnitReportReporter -->
<testsuite hostname="LAPTOP-P7C5MTDF" failures="0" tests="4" name="testcases.LoginTest" time="31.166" errors="0" timestamp="2026-03-28T10:23:03 IST" skipped="0">
  <testcase classname="testcases.LoginTest" name="tc003_trfpln" time="4.547"/>
  <testcase classname="testcases.LoginTest" name="tc004_pay" time="3.010"/>
  <testcase classname="testcases.LoginTest" name="tc001_cstmr" time="16.713"/>
  <testcase classname="testcases.LoginTest" name="tc002_trf" time="6.896"/>
</testsuite> <!-- testcases.LoginTest -->
