<?xml version="1.0" encoding="UTF-8"?>
<!-- Generated by org.testng.reporters.JUnitReportReporter -->
<testsuite hostname="LAPTOP-P7C5MTDF" failures="0" tests="4" name="testcases.LoginTest" time="26.794" errors="0" timestamp="2026-03-28T15:31:40 IST" skipped="0">
  <testcase classname="testcases.LoginTest" name="tc001_cstmr" time="15.298"/>
  <testcase classname="testcases.LoginTest" name="tc002_trf" time="3.871"/>
  <testcase classname="testcases.LoginTest" name="tc004_pay" time="2.238"/>
  <testcase classname="testcases.LoginTest" name="tc003_trfpln" time="5.387"/>
</testsuite> <!-- testcases.LoginTest -->
